<?xml version="1.0" encoding="UTF-8"?>
<!-- Generated by org.testng.reporters.JUnitReportReporter -->
<testsuite skipped="0" hostname="Trupti-TawadeM" name="com.reckon.qa.testcases.LeadPageTest" tests="1" failures="0" timestamp="04 Nov 2018 08:55:28 GMT" time="24.184" errors="0">
  <testcase name="addLeadsTest" time="24.184" classname="com.reckon.qa.testcases.LeadPageTest"/>
</testsuite> <!-- com.reckon.qa.testcases.LeadPageTest -->
