<?xml version="1.0" encoding="UTF-8"?>
<!-- Generated by org.testng.reporters.JUnitReportReporter -->
<testsuite skipped="0" hostname="Trupti-TawadeM" name="com.reckon.qa.testcases.LoginPageTest" tests="3" failures="0" timestamp="03 Nov 2018 19:02:14 GMT" time="45.551" errors="0">
  <testcase name="loginPageLogoTest" time="15.100" classname="com.reckon.qa.testcases.LoginPageTest"/>
  <testcase name="loginPageTitleTest" time="11.846" classname="com.reckon.qa.testcases.LoginPageTest"/>
  <testcase name="lgnPageTest" time="18.605" classname="com.reckon.qa.testcases.LoginPageTest"/>
</testsuite> <!-- com.reckon.qa.testcases.LoginPageTest -->
